<?xml version="1.0" encoding="UTF-8"?>
<!-- Generated by org.testng.reporters.JUnitXMLReporter -->
<testsuite hostname="DESKTOP-5CII570" ignored="0" name="Module3Test" tests="3" failures="2" timestamp="25 Apr 2020 06:37:54 GMT" time="235.872" errors="0">
  <testcase name="MyConfigurations" time="19.85" classname="bmw_scripts.BMWModule3MyConfigurations">
    <failure type="java.lang.AssertionError" message="My Configurations Page is not loading">
      <![CDATA[java.lang.AssertionError: My Configurations Page is not loading
at bmw_methodlib.MethodLibrary.clickOnMyConfigurations(MethodLibrary.java:733)
at bmw_scripts.BMWModule3MyConfigurations.MyConfigurations(BMWModule3MyConfigurations.java:39)
... Removed 26 stack frames]]>
    </failure>
  </testcase> <!-- MyConfigurations -->
  <testcase name="BuildYourBMW" time="123.21" classname="bmw_scripts.BMWModule3BuildYourBMW"/>
  <testcase name="compare" time="16.458" classname="bmw_scripts.BMWModule3Compare">
    <failure type="java.lang.AssertionError" message="Compare link not found">
      <![CDATA[java.lang.AssertionError: Compare link not found
at bmw_methodlib.MethodLibrary.clickOnCompare(MethodLibrary.java:755)
at bmw_scripts.BMWModule3Compare.compare(BMWModule3Compare.java:39)
... Removed 26 stack frames]]>
    </failure>
  </testcase> <!-- compare -->
</testsuite> <!-- Module3Test -->
