<?xml version="1.0" encoding="UTF-8"?>
<!-- Generated by org.testng.reporters.JUnitXMLReporter -->
<testsuite hostname="DESKTOP-5CII570" ignored="0" name="Module7Test" tests="7" failures="0" timestamp="23 Apr 2020 04:25:22 GMT" time="307.613" errors="0">
  <testcase name="Click_BMW_JoyFest" time="19.48" classname="bmw_scripts.BMWModule7JoyFestTC_44"/>
  <testcase name="testMilestonesValues" time="48.158" classname="bmw_scripts.BMWModule7MilestoneTC_59"/>
  <testcase name="Request_For_Info" time="27.423" classname="bmw_scripts.BMWModule7ReqForInfoTC_45_TC_55"/>
  <testcase name="Click_BMW_World" time="1.792" classname="bmw_scripts.BMWModule7TestLinksTC_43"/>
  <testcase name="Click_BMW_World_Tech_Innovation" time="14.112" classname="bmw_scripts.BMWModule7TechnologyTC_56"/>
  <testcase name="testSwitchWLTP" time="33.29" classname="bmw_scripts.BMWModule7SwitchWLTPTC_58"/>
  <testcase name="testConsumtionAndEmmision" time="19.647" classname="bmw_scripts.BMWModule7ConsumptionTC_57"/>
</testsuite> <!-- Module7Test -->
