<?xml version="1.0" encoding="UTF-8"?>
<!-- Generated by org.testng.reporters.JUnitXMLReporter -->
<testsuite hostname="DESKTOP-5CII570" ignored="0" name="Module7Test" tests="7" failures="0" timestamp="23 Apr 2020 06:01:33 GMT" time="343.735" errors="0">
  <testcase name="Click_BMW_World" time="1.835" classname="bmw_scripts.BMWModule7TestLinksTC_43"/>
  <testcase name="Click_BMW_JoyFest" time="24.653" classname="bmw_scripts.BMWModule7JoyFestTC_44"/>
  <testcase name="Request_For_Info" time="31.073" classname="bmw_scripts.BMWModule7ReqForInfoTC_45_TC_55"/>
  <testcase name="Click_BMW_World_Tech_Innovation" time="14.186" classname="bmw_scripts.BMWModule7TechnologyTC_56"/>
  <testcase name="testConsumtionAndEmmision" time="19.755" classname="bmw_scripts.BMWModule7ConsumptionTC_57"/>
  <testcase name="testSwitchWLTP" time="33.362" classname="bmw_scripts.BMWModule7SwitchWLTPTC_58"/>
  <testcase name="testMilestonesValues" time="46.235" classname="bmw_scripts.BMWModule7MilestoneTC_59"/>
</testsuite> <!-- Module7Test -->
