<?xml version="1.0" encoding="UTF-8"?>
<!-- Generated by org.testng.reporters.JUnitXMLReporter -->
<testsuite hostname="DESKTOP-5CII570" ignored="0" name="Module6Test" tests="5" failures="0" timestamp="23 Apr 2020 05:55:49 GMT" time="288.379" errors="0">
  <testcase name="toClickonFinance" time="11.677" classname="bmw_scripts.BMWModule6ClickOnFinance"/>
  <testcase name="ToVerifyLinks" time="23.167" classname="bmw_scripts.BMWModule6TestAllLinks"/>
  <testcase name="EMICalculate" time="111.652" classname="bmw_scripts.BMWModule6EMICalculator"/>
  <testcase name="ferifyLeasing" time="19.206" classname="bmw_scripts.BMWModule6TestLeasing"/>
  <testcase name="Loans" time="15.936" classname="bmw_scripts.BMWModule6TestLoan"/>
</testsuite> <!-- Module6Test -->
