<?xml version="1.0" encoding="UTF-8"?>
<!-- Generated by org.testng.reporters.JUnitXMLReporter -->
<testsuite hostname="DESKTOP-5CII570" ignored="0" name="Module4Test" tests="11" failures="0" timestamp="23 Apr 2020 05:40:39 GMT" time="649.253" errors="0">
  <testcase name="usedCarDetail" time="45.525" classname="bmw_scripts.BMWModule4EnquireUsedCars"/>
  <testcase name="SellYourCarValidData" time="50.713" classname="bmw_scripts.BMWModule4SellYourCarValidData"/>
  <testcase name="SellYourCarInvalidData" time="46.261" classname="bmw_scripts.BMWModule4SellYourCarInvalidData"/>
  <testcase name="SellYourCarNullData" time="33.137" classname="bmw_scripts.BMWModule4SellYourCarNULLValues"/>
  <testcase name="SellYourCarNameField" time="37.729" classname="bmw_scripts.BMWModule4SellYourCarNameField"/>
  <testcase name="SellYourCarMobileField" time="39.731" classname="bmw_scripts.BMWModule4SellYourCarMobileField"/>
  <testcase name="SellYourCarEmailField" time="41.775" classname="bmw_scripts.BMWModule4SellYourCarEmailField"/>
  <testcase name="SellYourCarCityField" time="45.188" classname="bmw_scripts.BMWModule4SellYourCarCityField"/>
  <testcase name="SellYourCarDealerField" time="44.35" classname="bmw_scripts.BMWModule4SellYourCarDealerField"/>
  <testcase name="SellYourCarSubmit" time="12.532" classname="bmw_scripts.BMWModule4SellYourCarSubmitButton"/>
  <testcase name="NewCar" time="48.57" classname="bmw_scripts.BMWModule4NewCar"/>
</testsuite> <!-- Module4Test -->
