<?xml version="1.0" encoding="UTF-8"?>
<!-- Generated by org.testng.reporters.JUnitXMLReporter -->
<testsuite hostname="DESKTOP-5CII570" ignored="0" name="Module1Test" tests="10" failures="0" timestamp="23 Apr 2020 05:24:53 GMT" time="321.592" errors="0">
  <testcase name="BMW_Invoke_Correct_Application" time="0.074" classname="bmw_scripts.BMWModule1InvokeBrowserTC_001"/>
  <testcase name="Four_header_Options" time="9.279" classname="bmw_scripts.BMWModule1FourHeaderOptionTC_002"/>
  <testcase name="Image_Slider_Check" time="10.807" classname="bmw_scripts.BMWModule1ImageSliderCheckTC_003"/>
  <testcase name="BMW_Logo_Checking" time="7.05" classname="bmw_scripts.BMWModule1BMWLogoCheckTC_004"/>
  <testcase name="Dealer_Locator_Logo_Checking" time="18.344" classname="bmw_scripts.BMWModule1DealerLocatorCheckTC_005"/>
  <testcase name="Test_Drive_Logo_Checking" time="10.339" classname="bmw_scripts.BMWModule1TestDriveLogoCheckTC_006"/>
  <testcase name="Series_Checking" time="10.348" classname="bmw_scripts.BMWModule1SeriesCheckTC_007"/>
  <testcase name="BodyType_Checking" time="10.427" classname="bmw_scripts.BMWModule1BodyTypeTestTC_008"/>
  <testcase name="Image_Presence_Check" time="3.426" classname="bmw_scripts.BMWModule1ImageCheckTC_009"/>
  <testcase name="Outer_Link_Verification" time="22.331" classname="bmw_scripts.BMWModule1OuterLinkCheckTC_010"/>
</testsuite> <!-- Module1Test -->
