<?xml version="1.0" encoding="UTF-8"?>
<!-- Generated by org.testng.reporters.JUnitXMLReporter -->
<testsuite hostname="DESKTOP-5CII570" ignored="0" name="Module4Test" tests="11" failures="0" timestamp="25 Apr 2020 06:51:02 GMT" time="775.715" errors="0">
  <testcase name="SellYourCarValidData" time="55.444" classname="bmw_scripts.BMWModule4SellYourCarValidData"/>
  <testcase name="SellYourCarMobileField" time="42.594" classname="bmw_scripts.BMWModule4SellYourCarMobileField"/>
  <testcase name="SellYourCarDealerField" time="48.785" classname="bmw_scripts.BMWModule4SellYourCarDealerField"/>
  <testcase name="SellYourCarNameField" time="39.527" classname="bmw_scripts.BMWModule4SellYourCarNameField"/>
  <testcase name="SellYourCarInvalidData" time="48.318" classname="bmw_scripts.BMWModule4SellYourCarInvalidData"/>
  <testcase name="SellYourCarEmailField" time="43.864" classname="bmw_scripts.BMWModule4SellYourCarEmailField"/>
  <testcase name="SellYourCarSubmit" time="15.641" classname="bmw_scripts.BMWModule4SellYourCarSubmitButton"/>
  <testcase name="SellYourCarNullData" time="33.508" classname="bmw_scripts.BMWModule4SellYourCarNULLValues"/>
  <testcase name="NewCar" time="69.609" classname="bmw_scripts.BMWModule4NewCar"/>
  <testcase name="SellYourCarCityField" time="48.265" classname="bmw_scripts.BMWModule4SellYourCarCityField"/>
  <testcase name="usedCarDetail" time="47.196" classname="bmw_scripts.BMWModule4EnquireUsedCars"/>
</testsuite> <!-- Module4Test -->
